<?xml version="1.0" encoding="UTF-8"?>
<!-- Generated by org.testng.reporters.JUnitReportReporter -->
<testsuite hostname="DESKTOP-7T8PVEI" failures="0" tests="1" name="testng.TestAnnotations" time="10.706" errors="0" timestamp="2022-11-05T23:44:47 PDT" skipped="0">
  <testcase classname="testng.TestAnnotations" name="login_functionality" time="10.706"/>
  <system-out/>
</testsuite> <!-- testng.TestAnnotations -->
