<?xml version="1.0" encoding="UTF-8"?>
<!-- Generated by org.testng.reporters.JUnitReportReporter -->
<testsuite hostname="DESKTOP-7T8PVEI" failures="0" tests="2" name="testng.Action_class" time="57.565" errors="0" timestamp="2022-11-13T12:37:40 PST" skipped="0">
  <testcase classname="testng.Action_class" name="test_action" time="23.413"/>
  <system-out/>
  <testcase classname="testng.Action_class" name="test_drag_drop" time="34.152"/>
  <system-out/>
</testsuite> <!-- testng.Action_class -->
